<?xml version="1.0" encoding="UTF-8"?>
<!-- Generated by org.testng.reporters.JUnitReportReporter -->
<testsuite hostname="Anshu143" name="TEST1" tests="3" failures="0" timestamp="18 Apr 2018 19:51:19 GMT" time="162.576" errors="0">
  <testcase name="BookFlight" time="78.864" classname="TEST1"/>
  <testcase name="Support" time="52.038" classname="TEST1"/>
  <testcase name="SpecialDeals" time="31.674" classname="TEST1"/>
</testsuite> <!-- TEST1 -->
